C:\USERS\TZLIL\DESKTOP\MFC\MFCTEST\MFCPROJ\DEBUG\MFCPROJ.EXE
C:\USERS\TZLIL\DESKTOP\MFC\MFCTEST\MFCPROJ\DEBUG\MFCPROJ.ILK
C:\USERS\TZLIL\DESKTOP\MFC\MFCTEST\MFCPROJ\DEBUG\MFCPROJ.PDB
C:\USERS\TZLIL\DESKTOP\MFC\MFCTEST\MFCPROJ\MFCPROJ\DEBUG\CADDSHAPECOMMAND.OBJ
C:\USERS\TZLIL\DESKTOP\MFC\MFCTEST\MFCPROJ\MFCPROJ\DEBUG\CCHANGEBRUSHCOMMAND.OBJ
C:\USERS\TZLIL\DESKTOP\MFC\MFCTEST\MFCPROJ\MFCPROJ\DEBUG\CCHANGECOLORCOMMAND.OBJ
C:\USERS\TZLIL\DESKTOP\MFC\MFCTEST\MFCPROJ\MFCPROJ\DEBUG\CCOMMAND.OBJ
C:\USERS\TZLIL\DESKTOP\MFC\MFCTEST\MFCPROJ\MFCPROJ\DEBUG\CDELETESHAPECOMMAND.OBJ
C:\USERS\TZLIL\DESKTOP\MFC\MFCTEST\MFCPROJ\MFCPROJ\DEBUG\CELLIPSE.OBJ
C:\Users\Tzlil\Desktop\MFC\MfcTest\MFCproj\MFCproj\Debug\cl.command.1.tlog
C:\Users\Tzlil\Desktop\MFC\MfcTest\MFCproj\MFCproj\Debug\CL.read.1.tlog
C:\Users\Tzlil\Desktop\MFC\MfcTest\MFCproj\MFCproj\Debug\CL.write.1.tlog
C:\USERS\TZLIL\DESKTOP\MFC\MFCTEST\MFCPROJ\MFCPROJ\DEBUG\CLINE.OBJ
C:\USERS\TZLIL\DESKTOP\MFC\MFCTEST\MFCPROJ\MFCPROJ\DEBUG\CRECTANGLE.OBJ
C:\USERS\TZLIL\DESKTOP\MFC\MFCTEST\MFCPROJ\MFCPROJ\DEBUG\CSHAPE.OBJ
C:\USERS\TZLIL\DESKTOP\MFC\MFCTEST\MFCPROJ\MFCPROJ\DEBUG\CTEXT.OBJ
C:\Users\Tzlil\Desktop\MFC\MfcTest\MFCproj\MFCproj\Debug\link.command.1.tlog
C:\Users\Tzlil\Desktop\MFC\MfcTest\MFCproj\MFCproj\Debug\link.read.1.tlog
C:\Users\Tzlil\Desktop\MFC\MfcTest\MFCproj\MFCproj\Debug\link.write.1.tlog
C:\Users\Tzlil\Desktop\MFC\MfcTest\MFCproj\MFCproj\Debug\link-cvtres.read.1.tlog
C:\Users\Tzlil\Desktop\MFC\MfcTest\MFCproj\MFCproj\Debug\link-cvtres.write.1.tlog
C:\USERS\TZLIL\DESKTOP\MFC\MFCTEST\MFCPROJ\MFCPROJ\DEBUG\MFCPROJ.EXE.EMBED.MANIFEST
C:\USERS\TZLIL\DESKTOP\MFC\MFCTEST\MFCPROJ\MFCPROJ\DEBUG\MFCPROJ.EXE.EMBED.MANIFEST.RES
C:\USERS\TZLIL\DESKTOP\MFC\MFCTEST\MFCPROJ\MFCPROJ\DEBUG\MFCPROJ.EXE.INTERMEDIATE.MANIFEST
C:\USERS\TZLIL\DESKTOP\MFC\MFCTEST\MFCPROJ\MFCPROJ\DEBUG\MFCPROJ.OBJ
C:\USERS\TZLIL\DESKTOP\MFC\MFCTEST\MFCPROJ\MFCPROJ\DEBUG\MFCPROJ.PCH
C:\USERS\TZLIL\DESKTOP\MFC\MFCTEST\MFCPROJ\MFCPROJ\DEBUG\MFCPROJ.RES
C:\Users\Tzlil\Desktop\MFC\MfcTest\MFCproj\MFCproj\Debug\MFCproj.vcxprojResolveAssemblyReference.cache
C:\Users\Tzlil\Desktop\MFC\MfcTest\MFCproj\MFCproj\Debug\MFCproj.write.1.tlog
C:\Users\Tzlil\Desktop\MFC\MfcTest\MFCproj\MFCproj\Debug\MFCproj_manifest.rc
C:\USERS\TZLIL\DESKTOP\MFC\MFCTEST\MFCPROJ\MFCPROJ\DEBUG\MFCPROJDLG.OBJ
C:\Users\Tzlil\Desktop\MFC\MfcTest\MFCproj\MFCproj\Debug\mt.command.1.tlog
C:\Users\Tzlil\Desktop\MFC\MfcTest\MFCproj\MFCproj\Debug\mt.read.1.tlog
C:\Users\Tzlil\Desktop\MFC\MfcTest\MFCproj\MFCproj\Debug\mt.write.1.tlog
C:\Users\Tzlil\Desktop\MFC\MfcTest\MFCproj\MFCproj\Debug\rc.command.1.tlog
C:\Users\Tzlil\Desktop\MFC\MfcTest\MFCproj\MFCproj\Debug\rc.read.1.tlog
C:\Users\Tzlil\Desktop\MFC\MfcTest\MFCproj\MFCproj\Debug\rc.write.1.tlog
C:\USERS\TZLIL\DESKTOP\MFC\MFCTEST\MFCPROJ\MFCPROJ\DEBUG\STDAFX.OBJ
C:\Users\Tzlil\Desktop\MFC\MfcTest\MFCproj\MFCproj\Debug\vc100.idb
C:\USERS\TZLIL\DESKTOP\MFC\MFCTEST\MFCPROJ\MFCPROJ\DEBUG\VC100.PDB
